C:\Documents and Settings\HOUSE\Desktop\New minor bridges chabi to shahpura 14.10.09\40+342.70.dwg New.dwg,Model,10/29/2009 8:31:35 PM,HOUSE,HP LaserJet M1005,A4,1:0.191898,
C:\Documents and Settings\HOUSE\Desktop\New minor bridges chabi to shahpura 14.10.09\40+342.70.dwg New.dwg,Model,10/29/2009 8:33:10 PM,HOUSE,HP LaserJet M1005,A4,1:0.191898,
C:\Documents and Settings\HOUSE\Desktop\New minor bridges chabi to shahpura 14.10.09\40+342.70.dwg New.dwg,Model,10/29/2009 8:37:59 PM,HOUSE,HP LaserJet M1005,A4,1:0.191898,
C:\Documents and Settings\HOUSE\Desktop\New minor bridges chabi to shahpura 14.10.09\40+342.70.dwg New.dwg,Model,10/29/2009 8:47:17 PM,HOUSE,HP LaserJet M1005,A4,1:0.191898,
C:\Documents and Settings\HOUSE\Desktop\New minor bridges chabi to shahpura 14.10.09\40+342.70.dwg New.dwg,Model,10/29/2009 8:48:41 PM,HOUSE,HP LaserJet M1005,A4,1:0.191898,
C:\Documents and Settings\HOUSE\Desktop\New minor bridges chabi to shahpura 14.10.09\40+342.70.dwg New.dwg,Model,10/29/2009 8:50:28 PM,HOUSE,HP LaserJet M1005,A4,1:0.191898,
C:\Documents and Settings\HOUSE\Desktop\New minor bridges chabi to shahpura 14.10.09\40+342.70.dwg New.dwg,Model,10/29/2009 8:54:23 PM,HOUSE,HP LaserJet M1005,A4,1:0.191898,
C:\Documents and Settings\HOUSE\Desktop\New minor bridges chabi to shahpura 14.10.09\40+342.70.dwg New.dwg,Model,10/29/2009 8:55:55 PM,HOUSE,HP LaserJet M1005,A4,1:0.191898,
C:\Documents and Settings\HOUSE\Desktop\New minor bridges chabi to shahpura 14.10.09\40+342.70.dwg New.dwg,Model,10/29/2009 8:58:25 PM,HOUSE,HP LaserJet M1005,A4,1:0.191898,
C:\Documents and Settings\HOUSE\Desktop\New minor bridges chabi to shahpura 14.10.09\40+342.70.dwg New.dwg,Model,10/29/2009 9:04:26 PM,HOUSE,HP LaserJet M1005,A4,1:0.191898,
C:\Documents and Settings\HOUSE\Desktop\New minor bridges chabi to shahpura 14.10.09\40+342.70.dwg New.dwg,Model,10/29/2009 9:17:32 PM,HOUSE,HP LaserJet M1005,A4,1:0.191898,
C:\Documents and Settings\HOUSE\Desktop\New minor bridges chabi to shahpura 14.10.09\40+342.70.dwg New.dwg,Model,10/29/2009 9:21:45 PM,HOUSE,HP LaserJet M1005,A4,1:0.191898,
C:\Documents and Settings\HOUSE\Desktop\New minor bridges chabi to shahpura 14.10.09\42+481.dwg,Model,11/7/2009 5:12:01 PM,HOUSE,HP LaserJet M1005,A4,1:0.289432,
C:\Documents and Settings\HOUSE\Desktop\New minor bridges chabi to shahpura 14.10.09\42+481.dwg,Model,11/7/2009 5:12:33 PM,HOUSE,HP LaserJet M1005,A4,1:0.294915,
C:\Documents and Settings\HOUSE\Desktop\New minor bridges chabi to shahpura 14.10.09\42+878 New.dwg,Model,11/7/2009 5:18:19 PM,HOUSE,HP LaserJet M1005,A4,1:0.197765,
C:\Documents and Settings\HOUSE\Desktop\New minor bridges chabi to shahpura 14.10.09\42+878 New.dwg,Model,11/7/2009 5:18:38 PM,HOUSE,HP LaserJet M1005,A4,1:0.226557,
C:\Documents and Settings\HOUSE\Desktop\New minor bridges chabi to shahpura 14.10.09\40+771 New.dwg,Model,11/7/2009 5:19:57 PM,HOUSE,HP LaserJet M1005,A4,1:0.237657,
C:\Documents and Settings\HOUSE\Desktop\New minor bridges chabi to shahpura 14.10.09\40+771 New.dwg,Model,11/7/2009 5:20:49 PM,HOUSE,HP LaserJet M1005,A4,1:0.294335,
C:\Documents and Settings\HOUSE\Desktop\New minor bridges chabi to shahpura 14.10.09\40+771 New.dwg,Model,11/7/2009 5:21:06 PM,HOUSE,HP LaserJet M1005,A4,1:0.237657,
C:\Documents and Settings\HOUSE\Desktop\New minor bridges chabi to shahpura 14.10.09\40+771 New.dwg,Model,11/7/2009 5:21:22 PM,HOUSE,HP LaserJet M1005,A4,1:0.307366,
C:\Documents and Settings\HOUSE\Desktop\New minor bridges chabi to shahpura 14.10.09\41+488 New.dwg111111.dwg,Model,11/7/2009 6:19:00 PM,HOUSE,HP LaserJet M1005,A4,1:0.220903,
C:\Documents and Settings\HOUSE\Desktop\New minor bridges chabi to shahpura 14.10.09\41+488 New.dwg111111.dwg,Model,11/7/2009 6:38:08 PM,HOUSE,HP LaserJet M1005,A4,1:0.332913,
C:\Documents and Settings\HOUSE\Desktop\DINESH\MINOR BRIDGES & SLAB CULVERTS\42+481.dwg,Model,11/10/2009 8:31:10 PM,HOUSE,HP LaserJet M1005,A4,1:0.294915,
C:\Documents and Settings\HOUSE\Desktop\DINESH\MINOR BRIDGES & SLAB CULVERTS\42+481.dwg,Model,11/10/2009 8:42:06 PM,HOUSE,HP LaserJet M1005,A4,1:0.294915,
C:\Documents and Settings\HOUSE\Desktop\DINESH\MINOR BRIDGES & SLAB CULVERTS\42+481.dwg,Model,11/10/2009 9:08:20 PM,HOUSE,HP LaserJet M1005,A4,1:0.294915,
C:\Documents and Settings\HOUSE\Desktop\DINESH\MINOR BRIDGES & SLAB CULVERTS\42+481.dwg,Model,11/10/2009 9:15:26 PM,HOUSE,HP LaserJet M1005,A4,1:0.294915,
C:\Documents and Settings\HOUSE\Desktop\DINESH\MINOR BRIDGES & SLAB CULVERTS\42+481.dwg,Model,11/10/2009 9:28:01 PM,HOUSE,HP LaserJet M1005,A4,1:0.294915,
C:\Documents and Settings\HOUSE\Desktop\DINESH\MINOR BRIDGES & SLAB CULVERTS\42+481.dwg,Model,11/10/2009 9:34:00 PM,HOUSE,HP LaserJet M1005,Letter,1:6.46331,
C:\Documents and Settings\HOUSE\Desktop\DINESH\MINOR BRIDGES & SLAB CULVERTS\42+481.dwg,Model,11/10/2009 9:38:15 PM,HOUSE,HP LaserJet M1005,Letter,1:6.5884,
C:\Documents and Settings\HOUSE\Desktop\DINESH\MINOR BRIDGES & SLAB CULVERTS\42+481.dwg,Model,11/10/2009 9:48:57 PM,HOUSE,HP LaserJet M1005,Letter,1:8.49115,
